running develop
Removing /home/hypark/Development/ros_ws1/install/my_sensor_pkg/lib/python3.12/site-packages/my-sensor-pkg.egg-link (link to .)
running egg_info
writing ../../build/my_sensor_pkg/my_sensor_pkg.egg-info/PKG-INFO
writing dependency_links to ../../build/my_sensor_pkg/my_sensor_pkg.egg-info/dependency_links.txt
writing entry points to ../../build/my_sensor_pkg/my_sensor_pkg.egg-info/entry_points.txt
writing requirements to ../../build/my_sensor_pkg/my_sensor_pkg.egg-info/requires.txt
writing top-level names to ../../build/my_sensor_pkg/my_sensor_pkg.egg-info/top_level.txt
reading manifest file '../../build/my_sensor_pkg/my_sensor_pkg.egg-info/SOURCES.txt'
writing manifest file '../../build/my_sensor_pkg/my_sensor_pkg.egg-info/SOURCES.txt'
running build
running build_py
creating /home/hypark/Development/ros_ws1/build/my_sensor_pkg/build
creating /home/hypark/Development/ros_ws1/build/my_sensor_pkg/build/lib
creating /home/hypark/Development/ros_ws1/build/my_sensor_pkg/build/lib/my_sensor_pkg
copying my_sensor_pkg/distance_publisher.py -> /home/hypark/Development/ros_ws1/build/my_sensor_pkg/build/lib/my_sensor_pkg
copying my_sensor_pkg/distance_subscriber.py -> /home/hypark/Development/ros_ws1/build/my_sensor_pkg/build/lib/my_sensor_pkg
copying my_sensor_pkg/__init__.py -> /home/hypark/Development/ros_ws1/build/my_sensor_pkg/build/lib/my_sensor_pkg
running install
running install_lib
creating /home/hypark/Development/ros_ws1/install/my_sensor_pkg/lib/python3.12/site-packages/my_sensor_pkg
copying /home/hypark/Development/ros_ws1/build/my_sensor_pkg/build/lib/my_sensor_pkg/distance_publisher.py -> /home/hypark/Development/ros_ws1/install/my_sensor_pkg/lib/python3.12/site-packages/my_sensor_pkg
copying /home/hypark/Development/ros_ws1/build/my_sensor_pkg/build/lib/my_sensor_pkg/distance_subscriber.py -> /home/hypark/Development/ros_ws1/install/my_sensor_pkg/lib/python3.12/site-packages/my_sensor_pkg
copying /home/hypark/Development/ros_ws1/build/my_sensor_pkg/build/lib/my_sensor_pkg/__init__.py -> /home/hypark/Development/ros_ws1/install/my_sensor_pkg/lib/python3.12/site-packages/my_sensor_pkg
byte-compiling /home/hypark/Development/ros_ws1/install/my_sensor_pkg/lib/python3.12/site-packages/my_sensor_pkg/distance_publisher.py to distance_publisher.cpython-312.pyc
byte-compiling /home/hypark/Development/ros_ws1/install/my_sensor_pkg/lib/python3.12/site-packages/my_sensor_pkg/distance_subscriber.py to distance_subscriber.cpython-312.pyc
byte-compiling /home/hypark/Development/ros_ws1/install/my_sensor_pkg/lib/python3.12/site-packages/my_sensor_pkg/__init__.py to __init__.cpython-312.pyc
running install_data
copying resource/my_sensor_pkg -> /home/hypark/Development/ros_ws1/install/my_sensor_pkg/share/ament_index/resource_index/packages
copying package.xml -> /home/hypark/Development/ros_ws1/install/my_sensor_pkg/share/my_sensor_pkg
running install_egg_info
Copying ../../build/my_sensor_pkg/my_sensor_pkg.egg-info to /home/hypark/Development/ros_ws1/install/my_sensor_pkg/lib/python3.12/site-packages/my_sensor_pkg-0.0.0-py3.12.egg-info
running install_scripts
Installing distance_publisher script to /home/hypark/Development/ros_ws1/install/my_sensor_pkg/lib/my_sensor_pkg
Installing distance_subscriber script to /home/hypark/Development/ros_ws1/install/my_sensor_pkg/lib/my_sensor_pkg
writing list of installed files to '/home/hypark/Development/ros_ws1/build/my_sensor_pkg/install.log'
