[0.496s] Invoking command in '/home/hypark/Development/ros_ws1/build/my_sensor_pkg': PYTHONPATH=/home/hypark/Development/ros_ws1/build/my_sensor_pkg/prefix_override:/usr/lib/python3/dist-packages/colcon_core/task/python/colcon_distutils_commands:/home/hypark/Development/ros_ws1/install/my_sensor_pkg/lib/python3.12/site-packages:${PYTHONPATH} /usr/bin/python3 -W ignore:setup.py install is deprecated -W ignore:easy_install command is deprecated setup.py develop --editable --build-directory /home/hypark/Development/ros_ws1/build/my_sensor_pkg/build --no-deps symlink_data
[0.692s] running develop
[0.762s] running egg_info
[0.762s] creating my_sensor_pkg.egg-info
[0.768s] writing my_sensor_pkg.egg-info/PKG-INFO
[0.768s] writing dependency_links to my_sensor_pkg.egg-info/dependency_links.txt
[0.768s] writing requirements to my_sensor_pkg.egg-info/requires.txt
[0.768s] writing top-level names to my_sensor_pkg.egg-info/top_level.txt
[0.768s] writing manifest file 'my_sensor_pkg.egg-info/SOURCES.txt'
[0.784s] reading manifest file 'my_sensor_pkg.egg-info/SOURCES.txt'
[0.784s] writing manifest file 'my_sensor_pkg.egg-info/SOURCES.txt'
[0.797s] running build_ext
[0.798s] Creating /home/hypark/Development/ros_ws1/install/my_sensor_pkg/lib/python3.12/site-packages/my-sensor-pkg.egg-link (link to .)
[0.798s] 
[0.798s] Installed /home/hypark/Development/ros_ws1/build/my_sensor_pkg
[0.798s] running symlink_data
[0.798s] creating /home/hypark/Development/ros_ws1/install/my_sensor_pkg/share/ament_index
[0.798s] creating /home/hypark/Development/ros_ws1/install/my_sensor_pkg/share/ament_index/resource_index
[0.798s] creating /home/hypark/Development/ros_ws1/install/my_sensor_pkg/share/ament_index/resource_index/packages
[0.798s] symbolically linking /home/hypark/Development/ros_ws1/build/my_sensor_pkg/resource/my_sensor_pkg -> /home/hypark/Development/ros_ws1/install/my_sensor_pkg/share/ament_index/resource_index/packages
[0.798s] symbolically linking /home/hypark/Development/ros_ws1/build/my_sensor_pkg/package.xml -> /home/hypark/Development/ros_ws1/install/my_sensor_pkg/share/my_sensor_pkg
[0.814s] Invoked command in '/home/hypark/Development/ros_ws1/build/my_sensor_pkg' returned '0': PYTHONPATH=/home/hypark/Development/ros_ws1/build/my_sensor_pkg/prefix_override:/usr/lib/python3/dist-packages/colcon_core/task/python/colcon_distutils_commands:/home/hypark/Development/ros_ws1/install/my_sensor_pkg/lib/python3.12/site-packages:${PYTHONPATH} /usr/bin/python3 -W ignore:setup.py install is deprecated -W ignore:easy_install command is deprecated setup.py develop --editable --build-directory /home/hypark/Development/ros_ws1/build/my_sensor_pkg/build --no-deps symlink_data
