/home/hypark/Development/ros_ws1/install/my_sensor_pkg/lib/python3.12/site-packages/my_sensor_pkg/distance_publisher.py
/home/hypark/Development/ros_ws1/install/my_sensor_pkg/lib/python3.12/site-packages/my_sensor_pkg/serial_bridge_node.py
/home/hypark/Development/ros_ws1/install/my_sensor_pkg/lib/python3.12/site-packages/my_sensor_pkg/distance_subscriber.py
/home/hypark/Development/ros_ws1/install/my_sensor_pkg/lib/python3.12/site-packages/my_sensor_pkg/distance_controller.py
/home/hypark/Development/ros_ws1/install/my_sensor_pkg/lib/python3.12/site-packages/my_sensor_pkg/__init__.py
/home/hypark/Development/ros_ws1/install/my_sensor_pkg/lib/python3.12/site-packages/my_sensor_pkg/__pycache__/distance_publisher.cpython-312.pyc
/home/hypark/Development/ros_ws1/install/my_sensor_pkg/lib/python3.12/site-packages/my_sensor_pkg/__pycache__/serial_bridge_node.cpython-312.pyc
/home/hypark/Development/ros_ws1/install/my_sensor_pkg/lib/python3.12/site-packages/my_sensor_pkg/__pycache__/distance_subscriber.cpython-312.pyc
/home/hypark/Development/ros_ws1/install/my_sensor_pkg/lib/python3.12/site-packages/my_sensor_pkg/__pycache__/distance_controller.cpython-312.pyc
/home/hypark/Development/ros_ws1/install/my_sensor_pkg/lib/python3.12/site-packages/my_sensor_pkg/__pycache__/__init__.cpython-312.pyc
/home/hypark/Development/ros_ws1/install/my_sensor_pkg/share/ament_index/resource_index/packages/my_sensor_pkg
/home/hypark/Development/ros_ws1/install/my_sensor_pkg/share/my_sensor_pkg/package.xml
/home/hypark/Development/ros_ws1/install/my_sensor_pkg/lib/python3.12/site-packages/my_sensor_pkg-0.0.0-py3.12.egg-info/requires.txt
/home/hypark/Development/ros_ws1/install/my_sensor_pkg/lib/python3.12/site-packages/my_sensor_pkg-0.0.0-py3.12.egg-info/SOURCES.txt
/home/hypark/Development/ros_ws1/install/my_sensor_pkg/lib/python3.12/site-packages/my_sensor_pkg-0.0.0-py3.12.egg-info/zip-safe
/home/hypark/Development/ros_ws1/install/my_sensor_pkg/lib/python3.12/site-packages/my_sensor_pkg-0.0.0-py3.12.egg-info/entry_points.txt
/home/hypark/Development/ros_ws1/install/my_sensor_pkg/lib/python3.12/site-packages/my_sensor_pkg-0.0.0-py3.12.egg-info/PKG-INFO
/home/hypark/Development/ros_ws1/install/my_sensor_pkg/lib/python3.12/site-packages/my_sensor_pkg-0.0.0-py3.12.egg-info/dependency_links.txt
/home/hypark/Development/ros_ws1/install/my_sensor_pkg/lib/python3.12/site-packages/my_sensor_pkg-0.0.0-py3.12.egg-info/top_level.txt
/home/hypark/Development/ros_ws1/install/my_sensor_pkg/lib/my_sensor_pkg/distance_controller
/home/hypark/Development/ros_ws1/install/my_sensor_pkg/lib/my_sensor_pkg/distance_publisher
/home/hypark/Development/ros_ws1/install/my_sensor_pkg/lib/my_sensor_pkg/distance_subscriber
/home/hypark/Development/ros_ws1/install/my_sensor_pkg/lib/my_sensor_pkg/serial_bridge
