running egg_info
writing ../../build/my_sensor_pkg/my_sensor_pkg.egg-info/PKG-INFO
writing dependency_links to ../../build/my_sensor_pkg/my_sensor_pkg.egg-info/dependency_links.txt
writing entry points to ../../build/my_sensor_pkg/my_sensor_pkg.egg-info/entry_points.txt
writing requirements to ../../build/my_sensor_pkg/my_sensor_pkg.egg-info/requires.txt
writing top-level names to ../../build/my_sensor_pkg/my_sensor_pkg.egg-info/top_level.txt
reading manifest file '../../build/my_sensor_pkg/my_sensor_pkg.egg-info/SOURCES.txt'
writing manifest file '../../build/my_sensor_pkg/my_sensor_pkg.egg-info/SOURCES.txt'
running build
running build_py
copying my_sensor_pkg/serial_bridge_node.py -> /home/hypark/Development/ros_ws1/build/my_sensor_pkg/build/lib/my_sensor_pkg
copying my_sensor_pkg/distance_controller.py -> /home/hypark/Development/ros_ws1/build/my_sensor_pkg/build/lib/my_sensor_pkg
running install
running install_lib
copying /home/hypark/Development/ros_ws1/build/my_sensor_pkg/build/lib/my_sensor_pkg/serial_bridge_node.py -> /home/hypark/Development/ros_ws1/install/my_sensor_pkg/lib/python3.12/site-packages/my_sensor_pkg
copying /home/hypark/Development/ros_ws1/build/my_sensor_pkg/build/lib/my_sensor_pkg/distance_controller.py -> /home/hypark/Development/ros_ws1/install/my_sensor_pkg/lib/python3.12/site-packages/my_sensor_pkg
byte-compiling /home/hypark/Development/ros_ws1/install/my_sensor_pkg/lib/python3.12/site-packages/my_sensor_pkg/serial_bridge_node.py to serial_bridge_node.cpython-312.pyc
byte-compiling /home/hypark/Development/ros_ws1/install/my_sensor_pkg/lib/python3.12/site-packages/my_sensor_pkg/distance_controller.py to distance_controller.cpython-312.pyc
running install_data
running install_egg_info
removing '/home/hypark/Development/ros_ws1/install/my_sensor_pkg/lib/python3.12/site-packages/my_sensor_pkg-0.0.0-py3.12.egg-info' (and everything under it)
Copying ../../build/my_sensor_pkg/my_sensor_pkg.egg-info to /home/hypark/Development/ros_ws1/install/my_sensor_pkg/lib/python3.12/site-packages/my_sensor_pkg-0.0.0-py3.12.egg-info
running install_scripts
Installing distance_controller script to /home/hypark/Development/ros_ws1/install/my_sensor_pkg/lib/my_sensor_pkg
Installing distance_publisher script to /home/hypark/Development/ros_ws1/install/my_sensor_pkg/lib/my_sensor_pkg
Installing distance_subscriber script to /home/hypark/Development/ros_ws1/install/my_sensor_pkg/lib/my_sensor_pkg
Installing serial_bridge script to /home/hypark/Development/ros_ws1/install/my_sensor_pkg/lib/my_sensor_pkg
writing list of installed files to '/home/hypark/Development/ros_ws1/build/my_sensor_pkg/install.log'
